This is pdfTeX, Version 3.1415926-2.5-1.40.14 (TeX Live 2013/Debian) (format=pdflatex 2017.5.17)  25 MAY 2017 00:18
entering extended mode
 restricted \write18 enabled.
 %&-line parsing enabled.
**Resultados_HW5.tex
(./Resultados_HW5.tex
LaTeX2e <2011/06/27>
Babel <3.9h> and hyphenation patterns for 2 languages loaded.
(/usr/share/texlive/texmf-dist/tex/latex/base/article.cls
Document Class: article 2007/10/19 v1.4h Standard LaTeX document class
(/usr/share/texlive/texmf-dist/tex/latex/base/size10.clo
File: size10.clo 2007/10/19 v1.4h Standard LaTeX file (size option)
)
\c@part=\count79
\c@section=\count80
\c@subsection=\count81
\c@subsubsection=\count82
\c@paragraph=\count83
\c@subparagraph=\count84
\c@figure=\count85
\c@table=\count86
\abovecaptionskip=\skip41
\belowcaptionskip=\skip42
\bibindent=\dimen102
)
(/usr/share/texlive/texmf-dist/tex/latex/graphics/graphicx.sty
Package: graphicx 1999/02/16 v1.0f Enhanced LaTeX Graphics (DPC,SPQR)

(/usr/share/texlive/texmf-dist/tex/latex/graphics/keyval.sty
Package: keyval 1999/03/16 v1.13 key=value parser (DPC)
\KV@toks@=\toks14
)
(/usr/share/texlive/texmf-dist/tex/latex/graphics/graphics.sty
Package: graphics 2009/02/05 v1.0o Standard LaTeX Graphics (DPC,SPQR)

(/usr/share/texlive/texmf-dist/tex/latex/graphics/trig.sty
Package: trig 1999/03/16 v1.09 sin cos tan (DPC)
)
(/usr/share/texlive/texmf-dist/tex/latex/latexconfig/graphics.cfg
File: graphics.cfg 2010/04/23 v1.9 graphics configuration of TeX Live
)
Package graphics Info: Driver file: pdftex.def on input line 91.

(/usr/share/texlive/texmf-dist/tex/latex/pdftex-def/pdftex.def
File: pdftex.def 2011/05/27 v0.06d Graphics/color for pdfTeX

(/usr/share/texlive/texmf-dist/tex/generic/oberdiek/infwarerr.sty
Package: infwarerr 2010/04/08 v1.3 Providing info/warning/error messages (HO)
)
(/usr/share/texlive/texmf-dist/tex/generic/oberdiek/ltxcmds.sty
Package: ltxcmds 2011/11/09 v1.22 LaTeX kernel commands for general use (HO)
)
\Gread@gobject=\count87
))
\Gin@req@height=\dimen103
\Gin@req@width=\dimen104
)
(./Resultados_HW5.aux)
\openout1 = `Resultados_HW5.aux'.

LaTeX Font Info:    Checking defaults for OML/cmm/m/it on input line 3.
LaTeX Font Info:    ... okay on input line 3.
LaTeX Font Info:    Checking defaults for T1/cmr/m/n on input line 3.
LaTeX Font Info:    ... okay on input line 3.
LaTeX Font Info:    Checking defaults for OT1/cmr/m/n on input line 3.
LaTeX Font Info:    ... okay on input line 3.
LaTeX Font Info:    Checking defaults for OMS/cmsy/m/n on input line 3.
LaTeX Font Info:    ... okay on input line 3.
LaTeX Font Info:    Checking defaults for OMX/cmex/m/n on input line 3.
LaTeX Font Info:    ... okay on input line 3.
LaTeX Font Info:    Checking defaults for U/cmr/m/n on input line 3.
LaTeX Font Info:    ... okay on input line 3.

(/usr/share/texlive/texmf-dist/tex/context/base/supp-pdf.mkii
[Loading MPS to PDF converter (version 2006.09.02).]
\scratchcounter=\count88
\scratchdimen=\dimen105
\scratchbox=\box26
\nofMPsegments=\count89
\nofMParguments=\count90
\everyMPshowfont=\toks15
\MPscratchCnt=\count91
\MPscratchDim=\dimen106
\MPnumerator=\count92
\makeMPintoPDFobject=\count93
\everyMPtoPDFconversion=\toks16
) (/usr/share/texlive/texmf-dist/tex/generic/oberdiek/pdftexcmds.sty
Package: pdftexcmds 2011/11/29 v0.20 Utility functions of pdfTeX for LuaTeX (HO
)

(/usr/share/texlive/texmf-dist/tex/generic/oberdiek/ifluatex.sty
Package: ifluatex 2010/03/01 v1.3 Provides the ifluatex switch (HO)
Package ifluatex Info: LuaTeX not detected.
)
(/usr/share/texlive/texmf-dist/tex/generic/oberdiek/ifpdf.sty
Package: ifpdf 2011/01/30 v2.3 Provides the ifpdf switch (HO)
Package ifpdf Info: pdfTeX in PDF mode is detected.
)
Package pdftexcmds Info: LuaTeX not detected.
Package pdftexcmds Info: \pdf@primitive is available.
Package pdftexcmds Info: \pdf@ifprimitive is available.
Package pdftexcmds Info: \pdfdraftmode found.
)
(/usr/share/texlive/texmf-dist/tex/latex/oberdiek/epstopdf-base.sty
Package: epstopdf-base 2010/02/09 v2.5 Base part for package epstopdf

(/usr/share/texlive/texmf-dist/tex/latex/oberdiek/grfext.sty
Package: grfext 2010/08/19 v1.1 Manage graphics extensions (HO)

(/usr/share/texlive/texmf-dist/tex/generic/oberdiek/kvdefinekeys.sty
Package: kvdefinekeys 2011/04/07 v1.3 Define keys (HO)
))
(/usr/share/texlive/texmf-dist/tex/latex/oberdiek/kvoptions.sty
Package: kvoptions 2011/06/30 v3.11 Key value format for package options (HO)

(/usr/share/texlive/texmf-dist/tex/generic/oberdiek/kvsetkeys.sty
Package: kvsetkeys 2012/04/25 v1.16 Key value parser (HO)

(/usr/share/texlive/texmf-dist/tex/generic/oberdiek/etexcmds.sty
Package: etexcmds 2011/02/16 v1.5 Avoid name clashes with e-TeX commands (HO)
Package etexcmds Info: Could not find \expanded.
(etexcmds)             That can mean that you are not using pdfTeX 1.50 or
(etexcmds)             that some package has redefined \expanded.
(etexcmds)             In the latter case, load this package earlier.
)))
Package grfext Info: Graphics extension search list:
(grfext)             [.png,.pdf,.jpg,.mps,.jpeg,.jbig2,.jb2,.PNG,.PDF,.JPG,.JPE
G,.JBIG2,.JB2,.eps]
(grfext)             \AppendGraphicsExtensions on input line 452.

(/usr/share/texlive/texmf-dist/tex/latex/latexconfig/epstopdf-sys.cfg
File: epstopdf-sys.cfg 2010/07/13 v1.3 Configuration of (r)epstopdf for TeX Liv
e
))
<radio_de_poro.png, id=1, 578.16pt x 433.62pt>
File: radio_de_poro.png Graphic file (type png)
 <use radio_de_poro.png>
Package pdftex.def Info: radio_de_poro.png used on input line 12.
(pdftex.def)             Requested size: 404.70924pt x 303.53192pt.

Overfull \hbox (59.70924pt too wide) in paragraph at lines 12--13
[][] 
 []


Underfull \hbox (badness 10000) in paragraph at lines 15--16

 []

[1

{/var/lib/texmf/fonts/map/pdftex/updmap/pdftex.map} <./radio_de_poro.png>]
<histrogramax.png, id=10, 578.16pt x 433.62pt>
File: histrogramax.png Graphic file (type png)
 <use histrogramax.png>
Package pdftex.def Info: histrogramax.png used on input line 19.
(pdftex.def)             Requested size: 289.07928pt x 216.80946pt.

Underfull \hbox (badness 10000) in paragraph at lines 22--23

 []

[2 <./histrogramax.png>] <histrogramay.png, id=15, 578.16pt x 433.62pt>
File: histrogramay.png Graphic file (type png)

<use histrogramay.png>
Package pdftex.def Info: histrogramay.png used on input line 26.
(pdftex.def)             Requested size: 289.07928pt x 216.80946pt.

Underfull \hbox (badness 10000) in paragraph at lines 29--30

 []

[3 <./histrogramay.png>] <histrogramar.png, id=20, 578.16pt x 433.62pt>
File: histrogramar.png Graphic file (type png)

<use histrogramar.png>
Package pdftex.def Info: histrogramar.png used on input line 33.
(pdftex.def)             Requested size: 289.07928pt x 216.80946pt.

Underfull \hbox (badness 10000) in paragraph at lines 36--37

 []

[4 <./histrogramar.png>] <radio_de_poro1.png, id=25, 578.16pt x 433.62pt>
File: radio_de_poro1.png Graphic file (type png)

<use radio_de_poro1.png>
Package pdftex.def Info: radio_de_poro1.png used on input line 40.
(pdftex.def)             Requested size: 289.07928pt x 216.80946pt.

Underfull \hbox (badness 10000) in paragraph at lines 43--44

 []

[5 <./radio_de_poro1.png>] <histrogramax1.png, id=30, 578.16pt x 433.62pt>
File: histrogramax1.png Graphic file (type png)

<use histrogramax1.png>
Package pdftex.def Info: histrogramax1.png used on input line 47.
(pdftex.def)             Requested size: 289.07928pt x 216.80946pt.

Underfull \hbox (badness 10000) in paragraph at lines 50--51

 []

[6 <./histrogramax1.png>] <histrogramay1.png, id=35, 578.16pt x 433.62pt>
File: histrogramay1.png Graphic file (type png)

<use histrogramay1.png>
Package pdftex.def Info: histrogramay1.png used on input line 55.
(pdftex.def)             Requested size: 289.07928pt x 216.80946pt.

Underfull \hbox (badness 10000) in paragraph at lines 58--59

 []

[7 <./histrogramay1.png>] <histrogramar1.png, id=41, 578.16pt x 433.62pt>
File: histrogramar1.png Graphic file (type png)

<use histrogramar1.png>
Package pdftex.def Info: histrogramar1.png used on input line 63.
(pdftex.def)             Requested size: 289.07928pt x 216.80946pt.

Underfull \hbox (badness 10000) in paragraph at lines 66--67

 []

[8 <./histrogramar1.png>] <modelo_Vs_datos.png, id=46, 578.16pt x 433.62pt>
File: modelo_Vs_datos.png Graphic file (type png)

<use modelo_Vs_datos.png>
Package pdftex.def Info: modelo_Vs_datos.png used on input line 74.
(pdftex.def)             Requested size: 289.07928pt x 216.80946pt.

Underfull \hbox (badness 10000) in paragraph at lines 69--78

 []


Underfull \hbox (badness 10000) in paragraph at lines 69--78

 []


Underfull \hbox (badness 10000) in paragraph at lines 69--78

 []


Underfull \hbox (badness 10000) in paragraph at lines 69--78

 []

[9 <./modelo_Vs_datos.png>] <distribucion.png, id=51, 578.16pt x 433.62pt>
File: distribucion.png Graphic file (type png)

<use distribucion.png>
Package pdftex.def Info: distribucion.png used on input line 81.
(pdftex.def)             Requested size: 289.07928pt x 216.80946pt.

Underfull \hbox (badness 10000) in paragraph at lines 84--85

 []

[10 <./distribucion.png>] <histogramaC.png, id=56, 578.16pt x 433.62pt>
File: histogramaC.png Graphic file (type png)

<use histogramaC.png>
Package pdftex.def Info: histogramaC.png used on input line 88.
(pdftex.def)             Requested size: 289.07928pt x 216.80946pt.

Underfull \hbox (badness 10000) in paragraph at lines 91--92

 []

[11 <./histogramaC.png>] <histogramaR.png, id=61, 578.16pt x 433.62pt>
File: histogramaR.png Graphic file (type png)

<use histogramaR.png>
Package pdftex.def Info: histogramaR.png used on input line 95.
(pdftex.def)             Requested size: 289.07928pt x 216.80946pt.

Underfull \hbox (badness 10000) in paragraph at lines 98--99

 []

[12 <./histogramaR.png>] (./Resultados_HW5.aux) ) 
Here is how much of TeX's memory you used:
 1517 strings out of 495028
 22121 string characters out of 6181497
 73151 words of memory out of 5000000
 4736 multiletter control sequences out of 15000+600000
 3640 words of font info for 14 fonts, out of 8000000 for 9000
 14 hyphenation exceptions out of 8191
 37i,7n,23p,433b,213s stack positions out of 5000i,500n,10000p,200000b,80000s
</usr/share/texlive/texmf-dist
/fonts/type1/public/amsfonts/cm/cmr10.pfb>
Output written on Resultados_HW5.pdf (12 pages, 308328 bytes).
PDF statistics:
 72 PDF objects out of 1000 (max. 8388607)
 32 compressed objects within 1 object stream
 0 named destinations out of 1000 (max. 500000)
 61 words of extra memory for PDF output out of 10000 (max. 10000000)

